<?xml version="1.0" encoding="UTF-8"?>
<!-- Generated by org.testng.reporters.JUnitXMLReporter -->
<testsuite hostname="Krithikas-MacBook-Air.local" name="Default test" tests="4" failures="0" timestamp="6 Nov 2020 01:57:10 GMT" time="0.091" errors="0">
  <testcase name="div" time="0.033" classname="com.test.qa.DemoTest"/>
  <testcase name="mul" time="0.002" classname="com.test.qa.DemoTest"/>
  <testcase name="sub" time="0.002" classname="com.test.qa.DemoTest"/>
  <testcase name="sum" time="0.002" classname="com.test.qa.DemoTest"/>
</testsuite> <!-- Default test -->
